<?xml version="1.0" encoding="UTF-8"?>
<coverage generated="1483398762280" clover="3.2.0">
  <project timestamp="1483398762280" name="All files">
    <metrics statements="139" coveredstatements="139" conditionals="71" coveredconditionals="69" methods="61" coveredmethods="61" elements="271" coveredelements="269" complexity="0" loc="139" ncloc="139" packages="2" files="5" classes="5">
      <package name="lib">
        <metrics statements="27" coveredstatements="27" conditionals="15" coveredconditionals="15" methods="12" coveredmethods="12"/>
        <file name="comparator.js" path="/Users/greg/Projects/personal/poker/lib/comparator.js">
          <metrics statements="14" coveredstatements="14" conditionals="8" coveredconditionals="8" methods="5" coveredmethods="5"/>
          <line num="1" count="1" type="stmt"/>
          <line num="3" count="1" type="stmt"/>
          <line num="5" count="1" type="stmt"/>
          <line num="7" count="101" type="stmt"/>
          <line num="8" count="57" type="stmt"/>
          <line num="9" count="57" type="stmt"/>
          <line num="12" count="196" type="stmt"/>
          <line num="13" count="196" type="stmt"/>
          <line num="15" count="44" type="stmt"/>
          <line num="16" count="57" type="stmt"/>
          <line num="17" count="43" type="stmt"/>
          <line num="18" count="19" type="stmt"/>
          <line num="20" count="43" type="stmt"/>
          <line num="24" count="44" type="stmt"/>
        </file>
        <file name="helpers.js" path="/Users/greg/Projects/personal/poker/lib/helpers.js">
          <metrics statements="13" coveredstatements="13" conditionals="7" coveredconditionals="7" methods="7" coveredmethods="7"/>
          <line num="1" count="4" type="stmt"/>
          <line num="3" count="10786" type="stmt"/>
          <line num="5" count="3144" type="stmt"/>
          <line num="7" count="1068" type="stmt"/>
          <line num="9" count="4" type="stmt"/>
          <line num="10" count="3331" type="stmt"/>
          <line num="11" count="341" type="stmt"/>
          <line num="13" count="3331" type="stmt"/>
          <line num="16" count="4" type="stmt"/>
          <line num="18" count="14479" type="stmt"/>
          <line num="20" count="10819" type="stmt"/>
          <line num="21" count="9739" type="stmt"/>
          <line num="23" count="10819" type="stmt"/>
        </file>
      </package>
      <package name="lib.models">
        <metrics statements="112" coveredstatements="112" conditionals="56" coveredconditionals="54" methods="49" coveredmethods="49"/>
        <file name="card.js" path="/Users/greg/Projects/personal/poker/lib/models/card.js">
          <metrics statements="10" coveredstatements="10" conditionals="2" coveredconditionals="2" methods="5" coveredmethods="5"/>
          <line num="9" count="4" type="stmt"/>
          <line num="16" count="4" type="stmt"/>
          <line num="18" count="4" type="stmt"/>
          <line num="21" count="5622" type="stmt"/>
          <line num="23" count="5622" type="stmt"/>
          <line num="24" count="5622" type="stmt"/>
          <line num="25" count="5622" type="stmt"/>
          <line num="29" count="1" type="stmt"/>
          <line num="33" count="2" type="stmt"/>
          <line num="37" count="5622" type="stmt"/>
        </file>
        <file name="deck.js" path="/Users/greg/Projects/personal/poker/lib/models/deck.js">
          <metrics statements="21" coveredstatements="21" conditionals="4" coveredconditionals="3" methods="12" coveredmethods="12"/>
          <line num="1" count="2" type="stmt"/>
          <line num="2" count="2" type="stmt"/>
          <line num="14" count="2" type="stmt"/>
          <line num="16" count="2" type="stmt"/>
          <line num="18" count="107" type="stmt"/>
          <line num="22" count="107" type="stmt"/>
          <line num="26" count="107" type="stmt"/>
          <line num="30" count="5564" type="stmt"/>
          <line num="31" count="321" type="stmt"/>
          <line num="32" count="5564" type="stmt"/>
          <line num="36" count="1011" type="stmt"/>
          <line num="37" count="1011" type="stmt"/>
          <line num="39" count="1011" type="stmt"/>
          <line num="41" count="1011" type="stmt"/>
          <line num="45" count="2" type="stmt"/>
          <line num="49" count="4" type="stmt"/>
          <line num="53" count="58" type="stmt"/>
          <line num="58" count="1" type="stmt"/>
          <line num="59" count="52" type="stmt"/>
          <line num="60" count="52" type="stmt"/>
          <line num="63" count="1" type="stmt"/>
        </file>
        <file name="hand.js" path="/Users/greg/Projects/personal/poker/lib/models/hand.js">
          <metrics statements="81" coveredstatements="81" conditionals="50" coveredconditionals="49" methods="32" coveredmethods="32"/>
          <line num="1" count="2" type="stmt"/>
          <line num="17" count="2" type="stmt"/>
          <line num="19" count="2" type="stmt"/>
          <line num="22" count="214" type="stmt"/>
          <line num="23" count="214" type="stmt"/>
          <line num="24" count="214" type="stmt"/>
          <line num="25" count="214" type="stmt"/>
          <line num="26" count="214" type="stmt"/>
          <line num="27" count="214" type="stmt"/>
          <line num="29" count="214" type="stmt"/>
          <line num="30" count="214" type="stmt"/>
          <line num="34" count="1011" type="stmt"/>
          <line num="35" count="1011" type="stmt"/>
          <line num="36" count="1011" type="stmt"/>
          <line num="38" count="1011" type="stmt"/>
          <line num="39" count="1011" type="stmt"/>
          <line num="43" count="3" type="stmt"/>
          <line num="47" count="3088" type="stmt"/>
          <line num="51" count="3088" type="stmt"/>
          <line num="55" count="1234" type="stmt"/>
          <line num="59" count="1016" type="stmt"/>
          <line num="61" count="2596" type="stmt"/>
          <line num="63" count="1016" type="stmt"/>
          <line num="67" count="1015" type="stmt"/>
          <line num="69" count="2594" type="stmt"/>
          <line num="71" count="274" type="stmt"/>
          <line num="72" count="274" type="stmt"/>
          <line num="74" count="274" type="stmt"/>
          <line num="77" count="1015" type="stmt"/>
          <line num="81" count="2248" type="stmt"/>
          <line num="84" count="6012" type="stmt"/>
          <line num="85" count="4168" type="stmt"/>
          <line num="87" count="2088" type="stmt"/>
          <line num="90" count="2248" type="stmt"/>
          <line num="94" count="1234" type="stmt"/>
          <line num="96" count="3133" type="stmt"/>
          <line num="99" count="1234" type="stmt"/>
          <line num="103" count="738" type="stmt"/>
          <line num="105" count="2414" type="stmt"/>
          <line num="107" count="738" type="stmt"/>
          <line num="111" count="728" type="stmt"/>
          <line num="113" count="2386" type="stmt"/>
          <line num="115" count="728" type="stmt"/>
          <line num="119" count="711" type="stmt"/>
          <line num="121" count="2339" type="stmt"/>
          <line num="123" count="711" type="stmt"/>
          <line num="127" count="490" type="stmt"/>
          <line num="130" count="1656" type="stmt"/>
          <line num="133" count="490" type="stmt"/>
          <line num="137" count="1225" type="stmt"/>
          <line num="138" count="218" type="stmt"/>
          <line num="139" count="218" type="stmt"/>
          <line num="142" count="1007" type="stmt"/>
          <line num="143" count="1" type="stmt"/>
          <line num="144" count="1" type="stmt"/>
          <line num="147" count="1006" type="stmt"/>
          <line num="148" count="1" type="stmt"/>
          <line num="149" count="1" type="stmt"/>
          <line num="152" count="1005" type="stmt"/>
          <line num="153" count="229" type="stmt"/>
          <line num="154" count="229" type="stmt"/>
          <line num="157" count="776" type="stmt"/>
          <line num="158" count="47" type="stmt"/>
          <line num="159" count="47" type="stmt"/>
          <line num="162" count="729" type="stmt"/>
          <line num="163" count="10" type="stmt"/>
          <line num="164" count="10" type="stmt"/>
          <line num="167" count="719" type="stmt"/>
          <line num="168" count="17" type="stmt"/>
          <line num="169" count="17" type="stmt"/>
          <line num="172" count="702" type="stmt"/>
          <line num="173" count="221" type="stmt"/>
          <line num="174" count="221" type="stmt"/>
          <line num="177" count="481" type="stmt"/>
          <line num="178" count="481" type="stmt"/>
          <line num="179" count="481" type="stmt"/>
          <line num="182" count="1225" type="stmt"/>
          <line num="186" count="101" type="stmt"/>
          <line num="190" count="1227" type="stmt"/>
          <line num="194" count="4" type="stmt"/>
          <line num="196" count="5" type="stmt"/>
        </file>
      </package>
    </metrics>
  </project>
</coverage>
