{"/Users/greg/Projects/personal/poker/lib/helpers.js": {"path":"/Users/greg/Projects/personal/poker/lib/helpers.js","statementMap":{"0":{"start":{"line":1,"column":0},"end":{"line":1,"column":25}},"1":{"start":{"line":3,"column":0},"end":{"line":3,"column":37}},"2":{"start":{"line":3,"column":31},"end":{"line":3,"column":36}},"3":{"start":{"line":5,"column":0},"end":{"line":5,"column":65}},"4":{"start":{"line":5,"column":36},"end":{"line":5,"column":64}},"5":{"start":{"line":7,"column":0},"end":{"line":7,"column":79}},"6":{"start":{"line":7,"column":33},"end":{"line":7,"column":78}},"7":{"start":{"line":9,"column":0},"end":{"line":14,"column":1}},"8":{"start":{"line":10,"column":4},"end":{"line":11,"column":49}},"9":{"start":{"line":10,"column":21},"end":{"line":10,"column":42}},"10":{"start":{"line":11,"column":9},"end":{"line":11,"column":49}},"11":{"start":{"line":13,"column":4},"end":{"line":13,"column":15}},"12":{"start":{"line":16,"column":0},"end":{"line":21,"column":1}},"13":{"start":{"line":17,"column":4},"end":{"line":18,"column":23}},"14":{"start":{"line":17,"column":19},"end":{"line":17,"column":32}},"15":{"start":{"line":18,"column":9},"end":{"line":18,"column":23}},"16":{"start":{"line":20,"column":4},"end":{"line":20,"column":15}}},"fnMap":{"0":{"name":"(anonymous_0)","decl":{"start":{"line":3,"column":21},"end":{"line":3,"column":22}},"loc":{"start":{"line":3,"column":31},"end":{"line":3,"column":36}}},"1":{"name":"(anonymous_1)","decl":{"start":{"line":5,"column":23},"end":{"line":5,"column":24}},"loc":{"start":{"line":5,"column":36},"end":{"line":5,"column":64}}},"2":{"name":"(anonymous_2)","decl":{"start":{"line":7,"column":15},"end":{"line":7,"column":16}},"loc":{"start":{"line":7,"column":33},"end":{"line":7,"column":78}}},"3":{"name":"(anonymous_3)","decl":{"start":{"line":9,"column":22},"end":{"line":9,"column":23}},"loc":{"start":{"line":9,"column":52},"end":{"line":14,"column":1}}},"4":{"name":"(anonymous_4)","decl":{"start":{"line":16,"column":31},"end":{"line":16,"column":32}},"loc":{"start":{"line":16,"column":45},"end":{"line":21,"column":1}}}},"branchMap":{"0":{"loc":{"start":{"line":5,"column":36},"end":{"line":5,"column":64}},"type":"cond-expr","locations":[{"start":{"line":5,"column":59},"end":{"line":5,"column":60}},{"start":{"line":5,"column":63},"end":{"line":5,"column":64}}]},"1":{"loc":{"start":{"line":7,"column":21},"end":{"line":7,"column":28}},"type":"default-arg","locations":[{"start":{"line":7,"column":27},"end":{"line":7,"column":28}}]},"2":{"loc":{"start":{"line":10,"column":4},"end":{"line":11,"column":49}},"type":"if","locations":[{"start":{"line":10,"column":4},"end":{"line":11,"column":49}},{"start":{"line":10,"column":4},"end":{"line":11,"column":49}}]},"3":{"loc":{"start":{"line":17,"column":4},"end":{"line":18,"column":23}},"type":"if","locations":[{"start":{"line":17,"column":4},"end":{"line":18,"column":23}},{"start":{"line":17,"column":4},"end":{"line":18,"column":23}}]}},"s":{"0":1,"1":1,"2":0,"3":1,"4":0,"5":1,"6":55,"7":1,"8":0,"9":0,"10":0,"11":0,"12":1,"13":0,"14":0,"15":0,"16":0},"f":{"0":0,"1":0,"2":55,"3":0,"4":0},"b":{"0":[0,0],"1":[55],"2":[0,0],"3":[0,0]},"_coverageSchema":"332fd63041d2c1bcb487cc26dd0d5f7d97098a6c","hash":"78dedb1dfd39a1dd2d78fc45c84252225980dc4d"}
,"/Users/greg/Projects/personal/poker/lib/models/card.js": {"path":"/Users/greg/Projects/personal/poker/lib/models/card.js","statementMap":{"0":{"start":{"line":9,"column":19},"end":{"line":14,"column":1}},"1":{"start":{"line":16,"column":0},"end":{"line":41,"column":5}},"2":{"start":{"line":18,"column":4},"end":{"line":39,"column":5}},"3":{"start":{"line":21,"column":25},"end":{"line":21,"column":47}},"4":{"start":{"line":23,"column":12},"end":{"line":23,"column":37}},"5":{"start":{"line":24,"column":12},"end":{"line":24,"column":54}},"6":{"start":{"line":25,"column":12},"end":{"line":25,"column":32}},"7":{"start":{"line":29,"column":12},"end":{"line":29,"column":30}},"8":{"start":{"line":33,"column":12},"end":{"line":33,"column":29}},"9":{"start":{"line":37,"column":12},"end":{"line":37,"column":77}}},"fnMap":{"0":{"name":"(anonymous_0)","decl":{"start":{"line":16,"column":18},"end":{"line":16,"column":19}},"loc":{"start":{"line":16,"column":24},"end":{"line":41,"column":1}}},"1":{"name":"(anonymous_1)","decl":{"start":{"line":20,"column":8},"end":{"line":20,"column":9}},"loc":{"start":{"line":20,"column":34},"end":{"line":26,"column":9}}},"2":{"name":"(anonymous_2)","decl":{"start":{"line":28,"column":8},"end":{"line":28,"column":9}},"loc":{"start":{"line":28,"column":19},"end":{"line":30,"column":9}}},"3":{"name":"(anonymous_3)","decl":{"start":{"line":32,"column":8},"end":{"line":32,"column":9}},"loc":{"start":{"line":32,"column":18},"end":{"line":34,"column":9}}},"4":{"name":"(anonymous_4)","decl":{"start":{"line":36,"column":8},"end":{"line":36,"column":9}},"loc":{"start":{"line":36,"column":30},"end":{"line":38,"column":9}}}},"branchMap":{"0":{"loc":{"start":{"line":37,"column":19},"end":{"line":37,"column":76}},"type":"cond-expr","locations":[{"start":{"line":37,"column":41},"end":{"line":37,"column":58}},{"start":{"line":37,"column":61},"end":{"line":37,"column":76}}]}},"s":{"0":1,"1":1,"2":1,"3":312,"4":312,"5":312,"6":312,"7":0,"8":0,"9":312},"f":{"0":1,"1":312,"2":0,"3":0,"4":312},"b":{"0":[96,216]},"_coverageSchema":"332fd63041d2c1bcb487cc26dd0d5f7d97098a6c","hash":"0d367d9652bfabd8a30a55dbef08adc7857cee3e"}
,"/Users/greg/Projects/personal/poker/lib/models/deck.js": {"path":"/Users/greg/Projects/personal/poker/lib/models/deck.js","statementMap":{"0":{"start":{"line":1,"column":10},"end":{"line":1,"column":31}},"1":{"start":{"line":2,"column":13},"end":{"line":2,"column":30}},"2":{"start":{"line":14,"column":19},"end":{"line":14,"column":67}},"3":{"start":{"line":15,"column":18},"end":{"line":15,"column":38}},"4":{"start":{"line":17,"column":0},"end":{"line":62,"column":5}},"5":{"start":{"line":19,"column":4},"end":{"line":60,"column":5}},"6":{"start":{"line":21,"column":12},"end":{"line":21,"column":44}},"7":{"start":{"line":25,"column":12},"end":{"line":27,"column":45}},"8":{"start":{"line":25,"column":38},"end":{"line":25,"column":69}},"9":{"start":{"line":25,"column":58},"end":{"line":25,"column":68}},"10":{"start":{"line":26,"column":39},"end":{"line":26,"column":50}},"11":{"start":{"line":27,"column":29},"end":{"line":27,"column":43}},"12":{"start":{"line":31,"column":25},"end":{"line":31,"column":50}},"13":{"start":{"line":32,"column":25},"end":{"line":32,"column":41}},"14":{"start":{"line":34,"column":12},"end":{"line":34,"column":39}},"15":{"start":{"line":36,"column":12},"end":{"line":36,"column":24}},"16":{"start":{"line":40,"column":12},"end":{"line":40,"column":30}},"17":{"start":{"line":44,"column":12},"end":{"line":44,"column":33}},"18":{"start":{"line":48,"column":12},"end":{"line":48,"column":37}},"19":{"start":{"line":53,"column":12},"end":{"line":56,"column":13}},"20":{"start":{"line":54,"column":24},"end":{"line":54,"column":44}},"21":{"start":{"line":55,"column":16},"end":{"line":55,"column":88}},"22":{"start":{"line":58,"column":12},"end":{"line":58,"column":30}}},"fnMap":{"0":{"name":"(anonymous_0)","decl":{"start":{"line":17,"column":18},"end":{"line":17,"column":19}},"loc":{"start":{"line":17,"column":24},"end":{"line":62,"column":1}}},"1":{"name":"(anonymous_1)","decl":{"start":{"line":20,"column":8},"end":{"line":20,"column":9}},"loc":{"start":{"line":20,"column":22},"end":{"line":22,"column":9}}},"2":{"name":"(anonymous_2)","decl":{"start":{"line":24,"column":8},"end":{"line":24,"column":9}},"loc":{"start":{"line":24,"column":22},"end":{"line":28,"column":9}}},"3":{"name":"(anonymous_3)","decl":{"start":{"line":25,"column":33},"end":{"line":25,"column":34}},"loc":{"start":{"line":25,"column":38},"end":{"line":25,"column":69}}},"4":{"name":"(anonymous_4)","decl":{"start":{"line":25,"column":53},"end":{"line":25,"column":54}},"loc":{"start":{"line":25,"column":58},"end":{"line":25,"column":68}}},"5":{"name":"(anonymous_5)","decl":{"start":{"line":26,"column":29},"end":{"line":26,"column":30}},"loc":{"start":{"line":26,"column":39},"end":{"line":26,"column":50}}},"6":{"name":"(anonymous_6)","decl":{"start":{"line":27,"column":21},"end":{"line":27,"column":22}},"loc":{"start":{"line":27,"column":29},"end":{"line":27,"column":43}}},"7":{"name":"(anonymous_7)","decl":{"start":{"line":30,"column":8},"end":{"line":30,"column":9}},"loc":{"start":{"line":30,"column":19},"end":{"line":37,"column":9}}},"8":{"name":"(anonymous_8)","decl":{"start":{"line":39,"column":8},"end":{"line":39,"column":9}},"loc":{"start":{"line":39,"column":25},"end":{"line":41,"column":9}}},"9":{"name":"(anonymous_9)","decl":{"start":{"line":43,"column":8},"end":{"line":43,"column":9}},"loc":{"start":{"line":43,"column":15},"end":{"line":45,"column":9}}},"10":{"name":"(anonymous_10)","decl":{"start":{"line":47,"column":8},"end":{"line":47,"column":9}},"loc":{"start":{"line":47,"column":16},"end":{"line":49,"column":9}}},"11":{"name":"(anonymous_11)","decl":{"start":{"line":51,"column":8},"end":{"line":51,"column":9}},"loc":{"start":{"line":51,"column":18},"end":{"line":59,"column":9}}}},"branchMap":{},"s":{"0":1,"1":1,"2":1,"3":1,"4":1,"5":1,"6":6,"7":6,"8":24,"9":312,"10":18,"11":312,"12":1,"13":1,"14":1,"15":1,"16":2,"17":4,"18":58,"19":1,"20":52,"21":52,"22":1},"f":{"0":1,"1":6,"2":6,"3":24,"4":312,"5":18,"6":312,"7":1,"8":2,"9":4,"10":58,"11":1},"b":{},"_coverageSchema":"332fd63041d2c1bcb487cc26dd0d5f7d97098a6c","hash":"4b002366047a4c6a84c7a6cf6fa4fb643b551882"}
}
