{"/Users/greg/Projects/personal/poker/lib/helpers.js": {"path":"/Users/greg/Projects/personal/poker/lib/helpers.js","statementMap":{"0":{"start":{"line":1,"column":0},"end":{"line":1,"column":25}},"1":{"start":{"line":3,"column":0},"end":{"line":3,"column":37}},"2":{"start":{"line":3,"column":31},"end":{"line":3,"column":36}},"3":{"start":{"line":5,"column":0},"end":{"line":5,"column":65}},"4":{"start":{"line":5,"column":36},"end":{"line":5,"column":64}},"5":{"start":{"line":7,"column":0},"end":{"line":12,"column":1}},"6":{"start":{"line":8,"column":4},"end":{"line":9,"column":49}},"7":{"start":{"line":8,"column":21},"end":{"line":8,"column":42}},"8":{"start":{"line":9,"column":9},"end":{"line":9,"column":49}},"9":{"start":{"line":11,"column":4},"end":{"line":11,"column":15}},"10":{"start":{"line":14,"column":0},"end":{"line":19,"column":1}},"11":{"start":{"line":15,"column":4},"end":{"line":16,"column":23}},"12":{"start":{"line":15,"column":19},"end":{"line":15,"column":32}},"13":{"start":{"line":16,"column":9},"end":{"line":16,"column":23}},"14":{"start":{"line":18,"column":4},"end":{"line":18,"column":15}}},"fnMap":{"0":{"name":"(anonymous_0)","decl":{"start":{"line":3,"column":21},"end":{"line":3,"column":22}},"loc":{"start":{"line":3,"column":31},"end":{"line":3,"column":36}}},"1":{"name":"(anonymous_1)","decl":{"start":{"line":5,"column":23},"end":{"line":5,"column":24}},"loc":{"start":{"line":5,"column":36},"end":{"line":5,"column":64}}},"2":{"name":"(anonymous_2)","decl":{"start":{"line":7,"column":22},"end":{"line":7,"column":23}},"loc":{"start":{"line":7,"column":52},"end":{"line":12,"column":1}}},"3":{"name":"(anonymous_3)","decl":{"start":{"line":14,"column":31},"end":{"line":14,"column":32}},"loc":{"start":{"line":14,"column":45},"end":{"line":19,"column":1}}}},"branchMap":{"0":{"loc":{"start":{"line":5,"column":36},"end":{"line":5,"column":64}},"type":"cond-expr","locations":[{"start":{"line":5,"column":59},"end":{"line":5,"column":60}},{"start":{"line":5,"column":63},"end":{"line":5,"column":64}}]},"1":{"loc":{"start":{"line":8,"column":4},"end":{"line":9,"column":49}},"type":"if","locations":[{"start":{"line":8,"column":4},"end":{"line":9,"column":49}},{"start":{"line":8,"column":4},"end":{"line":9,"column":49}}]},"2":{"loc":{"start":{"line":15,"column":4},"end":{"line":16,"column":23}},"type":"if","locations":[{"start":{"line":15,"column":4},"end":{"line":16,"column":23}},{"start":{"line":15,"column":4},"end":{"line":16,"column":23}}]}},"s":{"0":1,"1":1,"2":158,"3":1,"4":55,"5":1,"6":45,"7":34,"8":11,"9":45,"10":1,"11":180,"12":136,"13":44,"14":180},"f":{"0":158,"1":55,"2":45,"3":180},"b":{"0":[35,20],"1":[34,11],"2":[136,44]},"_coverageSchema":"332fd63041d2c1bcb487cc26dd0d5f7d97098a6c","hash":"1029d7fa6fc042aa7c877a45a47e95550dcc38ca"}
,"/Users/greg/Projects/personal/poker/lib/models/card.js": {"path":"/Users/greg/Projects/personal/poker/lib/models/card.js","statementMap":{"0":{"start":{"line":9,"column":19},"end":{"line":14,"column":1}},"1":{"start":{"line":16,"column":0},"end":{"line":41,"column":5}},"2":{"start":{"line":18,"column":4},"end":{"line":39,"column":5}},"3":{"start":{"line":21,"column":25},"end":{"line":21,"column":47}},"4":{"start":{"line":23,"column":12},"end":{"line":23,"column":37}},"5":{"start":{"line":24,"column":12},"end":{"line":24,"column":54}},"6":{"start":{"line":25,"column":12},"end":{"line":25,"column":32}},"7":{"start":{"line":29,"column":12},"end":{"line":29,"column":30}},"8":{"start":{"line":33,"column":12},"end":{"line":33,"column":29}},"9":{"start":{"line":37,"column":12},"end":{"line":37,"column":77}}},"fnMap":{"0":{"name":"Card","decl":{"start":{"line":16,"column":27},"end":{"line":16,"column":31}},"loc":{"start":{"line":16,"column":34},"end":{"line":41,"column":1}}},"1":{"name":"(anonymous_1)","decl":{"start":{"line":20,"column":8},"end":{"line":20,"column":9}},"loc":{"start":{"line":20,"column":34},"end":{"line":26,"column":9}}},"2":{"name":"(anonymous_2)","decl":{"start":{"line":28,"column":8},"end":{"line":28,"column":9}},"loc":{"start":{"line":28,"column":19},"end":{"line":30,"column":9}}},"3":{"name":"(anonymous_3)","decl":{"start":{"line":32,"column":8},"end":{"line":32,"column":9}},"loc":{"start":{"line":32,"column":18},"end":{"line":34,"column":9}}},"4":{"name":"(anonymous_4)","decl":{"start":{"line":36,"column":8},"end":{"line":36,"column":9}},"loc":{"start":{"line":36,"column":30},"end":{"line":38,"column":9}}}},"branchMap":{"0":{"loc":{"start":{"line":37,"column":19},"end":{"line":37,"column":76}},"type":"cond-expr","locations":[{"start":{"line":37,"column":41},"end":{"line":37,"column":58}},{"start":{"line":37,"column":61},"end":{"line":37,"column":76}}]}},"s":{"0":2,"1":2,"2":2,"3":46,"4":46,"5":46,"6":46,"7":1,"8":2,"9":46},"f":{"0":2,"1":46,"2":1,"3":2,"4":46},"b":{"0":[8,38]},"_coverageSchema":"332fd63041d2c1bcb487cc26dd0d5f7d97098a6c","hash":"b4419b10bb748a4908a20b31a9d2fc76fd18cfb8"}
,"/Users/greg/Projects/personal/poker/lib/models/hand.js": {"path":"/Users/greg/Projects/personal/poker/lib/models/hand.js","statementMap":{"0":{"start":{"line":1,"column":10},"end":{"line":1,"column":31}},"1":{"start":{"line":17,"column":0},"end":{"line":118,"column":5}},"2":{"start":{"line":19,"column":4},"end":{"line":116,"column":5}},"3":{"start":{"line":22,"column":12},"end":{"line":22,"column":36}},"4":{"start":{"line":23,"column":12},"end":{"line":23,"column":51}},"5":{"start":{"line":24,"column":12},"end":{"line":24,"column":49}},"6":{"start":{"line":28,"column":12},"end":{"line":28,"column":54}},"7":{"start":{"line":28,"column":42},"end":{"line":28,"column":52}},"8":{"start":{"line":32,"column":12},"end":{"line":32,"column":53}},"9":{"start":{"line":32,"column":42},"end":{"line":32,"column":51}},"10":{"start":{"line":36,"column":12},"end":{"line":36,"column":71}},"11":{"start":{"line":40,"column":27},"end":{"line":42,"column":41}},"12":{"start":{"line":42,"column":31},"end":{"line":42,"column":40}},"13":{"start":{"line":44,"column":12},"end":{"line":44,"column":50}},"14":{"start":{"line":48,"column":27},"end":{"line":56,"column":26}},"15":{"start":{"line":50,"column":31},"end":{"line":50,"column":67}},"16":{"start":{"line":52,"column":39},"end":{"line":52,"column":66}},"17":{"start":{"line":53,"column":20},"end":{"line":53,"column":67}},"18":{"start":{"line":53,"column":41},"end":{"line":53,"column":67}},"19":{"start":{"line":55,"column":20},"end":{"line":55,"column":31}},"20":{"start":{"line":58,"column":12},"end":{"line":58,"column":56}},"21":{"start":{"line":62,"column":27},"end":{"line":69,"column":21}},"22":{"start":{"line":65,"column":20},"end":{"line":65,"column":47}},"23":{"start":{"line":65,"column":35},"end":{"line":65,"column":47}},"24":{"start":{"line":66,"column":20},"end":{"line":66,"column":46}},"25":{"start":{"line":66,"column":36},"end":{"line":66,"column":46}},"26":{"start":{"line":68,"column":20},"end":{"line":68,"column":60}},"27":{"start":{"line":71,"column":12},"end":{"line":71,"column":49}},"28":{"start":{"line":75,"column":26},"end":{"line":78,"column":39}},"29":{"start":{"line":77,"column":39},"end":{"line":77,"column":62}},"30":{"start":{"line":80,"column":12},"end":{"line":80,"column":55}},"31":{"start":{"line":84,"column":27},"end":{"line":86,"column":41}},"32":{"start":{"line":86,"column":31},"end":{"line":86,"column":40}},"33":{"start":{"line":88,"column":12},"end":{"line":88,"column":50}},"34":{"start":{"line":93,"column":27},"end":{"line":95,"column":41}},"35":{"start":{"line":95,"column":31},"end":{"line":95,"column":40}},"36":{"start":{"line":97,"column":12},"end":{"line":97,"column":56}},"37":{"start":{"line":101,"column":27},"end":{"line":103,"column":41}},"38":{"start":{"line":103,"column":31},"end":{"line":103,"column":40}},"39":{"start":{"line":105,"column":12},"end":{"line":105,"column":56}},"40":{"start":{"line":109,"column":12},"end":{"line":113,"column":21}},"41":{"start":{"line":112,"column":20},"end":{"line":112,"column":69}}},"fnMap":{"0":{"name":"Hand","decl":{"start":{"line":17,"column":27},"end":{"line":17,"column":31}},"loc":{"start":{"line":17,"column":34},"end":{"line":118,"column":1}}},"1":{"name":"(anonymous_1)","decl":{"start":{"line":21,"column":8},"end":{"line":21,"column":9}},"loc":{"start":{"line":21,"column":27},"end":{"line":25,"column":9}}},"2":{"name":"(anonymous_2)","decl":{"start":{"line":27,"column":8},"end":{"line":27,"column":9}},"loc":{"start":{"line":27,"column":24},"end":{"line":29,"column":9}}},"3":{"name":"(anonymous_3)","decl":{"start":{"line":28,"column":34},"end":{"line":28,"column":35}},"loc":{"start":{"line":28,"column":42},"end":{"line":28,"column":52}}},"4":{"name":"(anonymous_4)","decl":{"start":{"line":31,"column":8},"end":{"line":31,"column":9}},"loc":{"start":{"line":31,"column":23},"end":{"line":33,"column":9}}},"5":{"name":"(anonymous_5)","decl":{"start":{"line":32,"column":34},"end":{"line":32,"column":35}},"loc":{"start":{"line":32,"column":42},"end":{"line":32,"column":51}}},"6":{"name":"(anonymous_6)","decl":{"start":{"line":35,"column":8},"end":{"line":35,"column":9}},"loc":{"start":{"line":35,"column":26},"end":{"line":37,"column":9}}},"7":{"name":"(anonymous_7)","decl":{"start":{"line":39,"column":8},"end":{"line":39,"column":9}},"loc":{"start":{"line":39,"column":18},"end":{"line":45,"column":9}}},"8":{"name":"(anonymous_8)","decl":{"start":{"line":42,"column":24},"end":{"line":42,"column":25}},"loc":{"start":{"line":42,"column":31},"end":{"line":42,"column":40}}},"9":{"name":"(anonymous_9)","decl":{"start":{"line":47,"column":8},"end":{"line":47,"column":9}},"loc":{"start":{"line":47,"column":22},"end":{"line":59,"column":9}}},"10":{"name":"(anonymous_10)","decl":{"start":{"line":50,"column":24},"end":{"line":50,"column":25}},"loc":{"start":{"line":50,"column":31},"end":{"line":50,"column":67}}},"11":{"name":"(anonymous_11)","decl":{"start":{"line":51,"column":24},"end":{"line":51,"column":25}},"loc":{"start":{"line":51,"column":42},"end":{"line":56,"column":17}}},"12":{"name":"(anonymous_12)","decl":{"start":{"line":61,"column":8},"end":{"line":61,"column":9}},"loc":{"start":{"line":61,"column":21},"end":{"line":72,"column":9}}},"13":{"name":"(anonymous_13)","decl":{"start":{"line":64,"column":24},"end":{"line":64,"column":25}},"loc":{"start":{"line":64,"column":39},"end":{"line":69,"column":17}}},"14":{"name":"(anonymous_14)","decl":{"start":{"line":74,"column":8},"end":{"line":74,"column":9}},"loc":{"start":{"line":74,"column":18},"end":{"line":81,"column":9}}},"15":{"name":"(anonymous_15)","decl":{"start":{"line":77,"column":24},"end":{"line":77,"column":25}},"loc":{"start":{"line":77,"column":39},"end":{"line":77,"column":62}}},"16":{"name":"(anonymous_16)","decl":{"start":{"line":83,"column":8},"end":{"line":83,"column":9}},"loc":{"start":{"line":83,"column":18},"end":{"line":90,"column":9}}},"17":{"name":"(anonymous_17)","decl":{"start":{"line":86,"column":24},"end":{"line":86,"column":25}},"loc":{"start":{"line":86,"column":31},"end":{"line":86,"column":40}}},"18":{"name":"(anonymous_18)","decl":{"start":{"line":92,"column":8},"end":{"line":92,"column":9}},"loc":{"start":{"line":92,"column":18},"end":{"line":98,"column":9}}},"19":{"name":"(anonymous_19)","decl":{"start":{"line":95,"column":24},"end":{"line":95,"column":25}},"loc":{"start":{"line":95,"column":31},"end":{"line":95,"column":40}}},"20":{"name":"(anonymous_20)","decl":{"start":{"line":100,"column":8},"end":{"line":100,"column":9}},"loc":{"start":{"line":100,"column":17},"end":{"line":106,"column":9}}},"21":{"name":"(anonymous_21)","decl":{"start":{"line":103,"column":24},"end":{"line":103,"column":25}},"loc":{"start":{"line":103,"column":31},"end":{"line":103,"column":40}}},"22":{"name":"(anonymous_22)","decl":{"start":{"line":108,"column":8},"end":{"line":108,"column":9}},"loc":{"start":{"line":108,"column":19},"end":{"line":114,"column":9}}},"23":{"name":"(anonymous_23)","decl":{"start":{"line":111,"column":24},"end":{"line":111,"column":25}},"loc":{"start":{"line":111,"column":47},"end":{"line":113,"column":17}}}},"branchMap":{"0":{"loc":{"start":{"line":36,"column":19},"end":{"line":36,"column":71}},"type":"cond-expr","locations":[{"start":{"line":36,"column":59},"end":{"line":36,"column":63}},{"start":{"line":36,"column":66},"end":{"line":36,"column":71}}]},"1":{"loc":{"start":{"line":36,"column":20},"end":{"line":36,"column":55}},"type":"binary-expr","locations":[{"start":{"line":36,"column":20},"end":{"line":36,"column":37}},{"start":{"line":36,"column":41},"end":{"line":36,"column":55}}]},"2":{"loc":{"start":{"line":44,"column":19},"end":{"line":44,"column":49}},"type":"cond-expr","locations":[{"start":{"line":44,"column":37},"end":{"line":44,"column":41}},{"start":{"line":44,"column":44},"end":{"line":44,"column":49}}]},"3":{"loc":{"start":{"line":50,"column":31},"end":{"line":50,"column":67}},"type":"binary-expr","locations":[{"start":{"line":50,"column":31},"end":{"line":50,"column":47}},{"start":{"line":50,"column":51},"end":{"line":50,"column":67}}]},"4":{"loc":{"start":{"line":53,"column":20},"end":{"line":53,"column":67}},"type":"if","locations":[{"start":{"line":53,"column":20},"end":{"line":53,"column":67}},{"start":{"line":53,"column":20},"end":{"line":53,"column":67}}]},"5":{"loc":{"start":{"line":58,"column":19},"end":{"line":58,"column":55}},"type":"cond-expr","locations":[{"start":{"line":58,"column":43},"end":{"line":58,"column":47}},{"start":{"line":58,"column":50},"end":{"line":58,"column":55}}]},"6":{"loc":{"start":{"line":65,"column":20},"end":{"line":65,"column":47}},"type":"if","locations":[{"start":{"line":65,"column":20},"end":{"line":65,"column":47}},{"start":{"line":65,"column":20},"end":{"line":65,"column":47}}]},"7":{"loc":{"start":{"line":66,"column":20},"end":{"line":66,"column":46}},"type":"if","locations":[{"start":{"line":66,"column":20},"end":{"line":66,"column":46}},{"start":{"line":66,"column":20},"end":{"line":66,"column":46}}]},"8":{"loc":{"start":{"line":68,"column":27},"end":{"line":68,"column":59}},"type":"cond-expr","locations":[{"start":{"line":68,"column":50},"end":{"line":68,"column":54}},{"start":{"line":68,"column":57},"end":{"line":68,"column":59}}]},"9":{"loc":{"start":{"line":71,"column":19},"end":{"line":71,"column":48}},"type":"cond-expr","locations":[{"start":{"line":71,"column":36},"end":{"line":71,"column":40}},{"start":{"line":71,"column":43},"end":{"line":71,"column":48}}]},"10":{"loc":{"start":{"line":80,"column":19},"end":{"line":80,"column":54}},"type":"cond-expr","locations":[{"start":{"line":80,"column":42},"end":{"line":80,"column":46}},{"start":{"line":80,"column":49},"end":{"line":80,"column":54}}]},"11":{"loc":{"start":{"line":88,"column":19},"end":{"line":88,"column":49}},"type":"cond-expr","locations":[{"start":{"line":88,"column":37},"end":{"line":88,"column":41}},{"start":{"line":88,"column":44},"end":{"line":88,"column":49}}]},"12":{"loc":{"start":{"line":97,"column":19},"end":{"line":97,"column":55}},"type":"cond-expr","locations":[{"start":{"line":97,"column":43},"end":{"line":97,"column":47}},{"start":{"line":97,"column":50},"end":{"line":97,"column":55}}]},"13":{"loc":{"start":{"line":105,"column":19},"end":{"line":105,"column":55}},"type":"cond-expr","locations":[{"start":{"line":105,"column":43},"end":{"line":105,"column":47}},{"start":{"line":105,"column":50},"end":{"line":105,"column":55}}]},"14":{"loc":{"start":{"line":112,"column":27},"end":{"line":112,"column":68}},"type":"cond-expr","locations":[{"start":{"line":112,"column":50},"end":{"line":112,"column":57}},{"start":{"line":112,"column":60},"end":{"line":112,"column":68}}]}},"s":{"0":1,"1":1,"2":1,"3":9,"4":9,"5":9,"6":9,"7":45,"8":9,"9":45,"10":9,"11":9,"12":34,"13":9,"14":9,"15":34,"16":6,"17":6,"18":5,"19":6,"20":9,"21":18,"22":90,"23":18,"24":72,"25":38,"26":34,"27":18,"28":11,"29":55,"30":11,"31":9,"32":34,"33":9,"34":9,"35":34,"36":9,"37":9,"38":34,"39":9,"40":9,"41":45},"f":{"0":1,"1":9,"2":9,"3":45,"4":9,"5":45,"6":9,"7":9,"8":34,"9":9,"10":34,"11":6,"12":18,"13":90,"14":11,"15":55,"16":9,"17":34,"18":9,"19":34,"20":9,"21":34,"22":9,"23":45},"b":{"0":[1,8],"1":[9,2],"2":[1,8],"3":[34,32],"4":[5,1],"5":[1,8],"6":[18,72],"7":[38,34],"8":[20,14],"9":[4,14],"10":[3,8],"11":[2,7],"12":[1,8],"13":[2,7],"14":[34,11]},"_coverageSchema":"332fd63041d2c1bcb487cc26dd0d5f7d97098a6c","hash":"959ed249f2659941c73a1c22771eb495e92d81d9"}
}
