TN:
SF:/Users/greg/Projects/personal/poker/lib/index.js
FN:11,isFlush
FN:14,(anonymous_1)
FN:22,isStraight
FN:26,(anonymous_3)
FN:38,isKind
FN:42,(anonymous_5)
FN:50,(anonymous_6)
FN:57,isKind
FN:61,(anonymous_8)
FN:69,(anonymous_9)
FN:75,highCard
FN:83,getCardSuit
FN:87,getCardsAsInts
FN:88,(anonymous_13)
FN:93,getCardValue
FN:100,getCardInt
FN:106,uniqueSuits
FN:110,properSort
FNF:18
FNH:18
FNDA:2,isFlush
FNDA:10,(anonymous_1)
FNDA:3,isStraight
FNDA:15,(anonymous_3)
FNDA:5,isKind
FNDA:25,(anonymous_5)
FNDA:11,(anonymous_6)
FNDA:6,isKind
FNDA:30,(anonymous_8)
FNDA:17,(anonymous_9)
FNDA:3,highCard
FNDA:10,getCardSuit
FNDA:17,getCardsAsInts
FNDA:85,(anonymous_13)
FNDA:85,getCardValue
FNDA:100,getCardInt
FNDA:2,uniqueSuits
FNDA:27,properSort
DA:1,1
DA:8,1
DA:11,1
DA:12,2
DA:14,2
DA:15,10
DA:18,2
DA:22,1
DA:23,3
DA:24,3
DA:26,3
DA:27,15
DA:29,15
DA:30,12
DA:32,10
DA:35,3
DA:38,1
DA:39,5
DA:40,5
DA:42,5
DA:43,25
DA:44,14
DA:46,25
DA:50,5
DA:51,11
DA:54,5
DA:57,1
DA:58,6
DA:59,6
DA:61,6
DA:62,30
DA:63,13
DA:65,30
DA:69,6
DA:70,17
DA:73,6
DA:75,1
DA:76,3
DA:77,3
DA:79,3
DA:84,10
DA:88,17
DA:89,85
DA:94,85
DA:95,85
DA:97,85
DA:101,100
DA:103,100
DA:107,2
DA:111,27
LF:50
LH:50
BRDA:18,0,0,1
BRDA:18,0,1,1
BRDA:29,1,0,3
BRDA:29,1,1,12
BRDA:30,2,0,2
BRDA:30,2,1,10
BRDA:32,3,0,9
BRDA:32,3,1,1
BRDA:35,4,0,2
BRDA:35,4,1,1
BRDA:43,5,0,11
BRDA:43,5,1,14
BRDA:54,6,0,2
BRDA:54,6,1,3
BRDA:62,7,0,17
BRDA:62,7,1,13
BRDA:73,8,0,3
BRDA:73,8,1,3
BRDA:103,9,0,5
BRDA:103,9,1,95
BRF:20
BRH:20
end_of_record
