TN:
SF:/Users/greg/Projects/personal/poker/lib/classify-hand.js
FN:11,isFlush
FN:14,(anonymous_1)
FN:22,isStraight
FN:26,(anonymous_3)
FN:38,isKind
FN:42,(anonymous_5)
FN:50,(anonymous_6)
FN:58,isFullHouse
FN:62,(anonymous_8)
FN:71,(anonymous_9)
FN:84,isKind
FN:88,(anonymous_11)
FN:96,(anonymous_12)
FN:103,highCard
FN:111,getCardSuit
FN:115,getCardsAsInts
FN:116,(anonymous_16)
FN:121,getCardValue
FN:128,getCardInt
FN:134,uniqueSuits
FN:138,properSort
FNF:21
FNH:21
FNDA:46,isFlush
FNDA:230,(anonymous_1)
FNDA:25,isStraight
FNDA:125,(anonymous_3)
FNDA:49,isKind
FNDA:245,(anonymous_5)
FNDA:173,(anonymous_6)
FNDA:25,isFullHouse
FNDA:125,(anonymous_8)
FNDA:14,(anonymous_9)
FNDA:51,isKind
FNDA:255,(anonymous_11)
FNDA:181,(anonymous_12)
FNDA:25,highCard
FNDA:230,getCardSuit
FNDA:189,getCardsAsInts
FNDA:945,(anonymous_16)
FNDA:945,getCardValue
FNDA:1070,getCardInt
FNDA:46,uniqueSuits
FNDA:298,properSort
DA:1,2
DA:8,2
DA:11,2
DA:12,46
DA:14,46
DA:15,230
DA:18,46
DA:22,2
DA:23,25
DA:24,25
DA:26,25
DA:27,125
DA:29,125
DA:30,100
DA:32,49
DA:35,25
DA:38,2
DA:39,49
DA:40,49
DA:42,49
DA:43,245
DA:44,72
DA:46,245
DA:50,49
DA:51,173
DA:54,49
DA:58,2
DA:59,25
DA:60,25
DA:62,25
DA:63,125
DA:64,37
DA:66,125
DA:69,25
DA:71,7
DA:72,14
DA:74,14
DA:75,14
DA:77,14
DA:81,7
DA:84,2
DA:85,51
DA:86,51
DA:88,51
DA:89,255
DA:90,74
DA:92,255
DA:96,51
DA:97,181
DA:100,51
DA:103,2
DA:104,25
DA:105,25
DA:107,25
DA:112,230
DA:115,2
DA:116,189
DA:117,945
DA:122,945
DA:123,945
DA:125,945
DA:129,1070
DA:131,1070
DA:135,46
DA:138,2
DA:139,298
LF:66
LH:66
BRDA:18,0,0,11
BRDA:18,0,1,35
BRDA:29,1,0,25
BRDA:29,1,1,100
BRDA:30,2,0,51
BRDA:30,2,1,49
BRDA:32,3,0,30
BRDA:32,3,1,19
BRDA:35,4,0,6
BRDA:35,4,1,19
BRDA:43,5,0,173
BRDA:43,5,1,72
BRDA:54,6,0,8
BRDA:54,6,1,41
BRDA:63,7,0,88
BRDA:63,7,1,37
BRDA:69,8,0,18
BRDA:69,8,1,7
BRDA:75,9,0,8
BRDA:75,9,1,6
BRDA:81,10,0,4
BRDA:81,10,1,3
BRDA:89,11,0,181
BRDA:89,11,1,74
BRDA:100,12,0,15
BRDA:100,12,1,36
BRDA:131,13,0,85
BRDA:131,13,1,985
BRF:28
BRH:28
end_of_record
TN:
SF:/Users/greg/Projects/personal/poker/lib/compare-hands.js
FN:5,compare
FN:18,scoreHand
FN:34,getHighClass
FN:35,(anonymous_3)
FN:40,groupSortCompare
FN:50,group
FN:51,(anonymous_6)
FN:59,groupReverseSort
FN:61,(anonymous_8)
FN:62,(anonymous_9)
FN:66,(anonymous_10)
FNF:11
FNH:11
FNDA:11,compare
FNDA:22,scoreHand
FNDA:30,getHighClass
FNDA:300,(anonymous_3)
FNDA:7,groupSortCompare
FNDA:14,group
FNDA:70,(anonymous_6)
FNDA:14,groupReverseSort
FNDA:50,(anonymous_8)
FNDA:45,(anonymous_9)
FNDA:50,(anonymous_10)
DA:1,1
DA:3,1
DA:5,1
DA:6,11
DA:7,11
DA:9,11
DA:10,7
DA:11,4
DA:12,2
DA:14,2
DA:19,22
DA:35,30
DA:36,300
DA:41,7
DA:42,7
DA:44,7
DA:45,7
DA:46,7
DA:51,14
DA:52,70
DA:53,20
DA:55,70
DA:61,50
DA:63,45
DA:66,50
LF:25
LH:25
BRDA:9,0,0,7
BRDA:9,0,1,4
BRDA:11,1,0,2
BRDA:11,1,1,2
BRDA:22,2,0,5
BRDA:22,2,1,17
BRDA:22,3,0,22
BRDA:22,3,1,5
BRDA:23,4,0,2
BRDA:23,4,1,20
BRDA:24,5,0,3
BRDA:24,5,1,19
BRDA:25,6,0,5
BRDA:25,6,1,17
BRDA:26,7,0,4
BRDA:26,7,1,18
BRDA:27,8,0,4
BRDA:27,8,1,18
BRDA:28,9,0,3
BRDA:28,9,1,19
BRDA:29,10,0,9
BRDA:29,10,1,13
BRDA:30,11,0,22
BRDA:30,11,1,0
BRDA:36,12,0,30
BRDA:36,12,1,270
BRDA:46,13,0,1
BRDA:46,13,1,6
BRDA:52,14,0,50
BRDA:52,14,1,20
BRF:30
BRH:29
end_of_record
